Started GET "/" for 127.0.0.1 at 2022-04-10 21:04:08 -0400
  
ActiveRecord::DatabaseConnectionError (There is an issue connecting to your database with your username/password, username: root.

Please check your database configuration to ensure the username/password are valid.
):
  
activerecord (7.0.2.3) lib/active_record/connection_adapters/mysql2_adapter.rb:49:in `rescue in new_client'
activerecord (7.0.2.3) lib/active_record/connection_adapters/mysql2_adapter.rb:43:in `new_client'
activerecord (7.0.2.3) lib/active_record/connection_adapters/mysql2_adapter.rb:23:in `mysql2_connection'
activerecord (7.0.2.3) lib/active_record/connection_adapters/abstract/connection_pool.rb:656:in `public_send'
activerecord (7.0.2.3) lib/active_record/connection_adapters/abstract/connection_pool.rb:656:in `new_connection'
activerecord (7.0.2.3) lib/active_record/connection_adapters/abstract/connection_pool.rb:700:in `checkout_new_connection'
activerecord (7.0.2.3) lib/active_record/connection_adapters/abstract/connection_pool.rb:679:in `try_to_checkout_new_connection'
activerecord (7.0.2.3) lib/active_record/connection_adapters/abstract/connection_pool.rb:640:in `acquire_connection'
activerecord (7.0.2.3) lib/active_record/connection_adapters/abstract/connection_pool.rb:341:in `checkout'
activerecord (7.0.2.3) lib/active_record/connection_adapters/abstract/connection_pool.rb:181:in `connection'
activerecord (7.0.2.3) lib/active_record/connection_adapters/abstract/connection_handler.rb:211:in `retrieve_connection'
activerecord (7.0.2.3) lib/active_record/connection_handling.rb:313:in `retrieve_connection'
activerecord (7.0.2.3) lib/active_record/connection_handling.rb:280:in `connection'
activerecord (7.0.2.3) lib/active_record/migration.rb:613:in `connection'
activerecord (7.0.2.3) lib/active_record/migration.rb:608:in `build_watcher'
activerecord (7.0.2.3) lib/active_record/migration.rb:590:in `block in call'
activerecord (7.0.2.3) lib/active_record/migration.rb:589:in `synchronize'
activerecord (7.0.2.3) lib/active_record/migration.rb:589:in `call'
actionpack (7.0.2.3) lib/action_dispatch/middleware/callbacks.rb:27:in `block in call'
activesupport (7.0.2.3) lib/active_support/callbacks.rb:99:in `run_callbacks'
actionpack (7.0.2.3) lib/action_dispatch/middleware/callbacks.rb:26:in `call'
actionpack (7.0.2.3) lib/action_dispatch/middleware/executor.rb:14:in `call'
actionpack (7.0.2.3) lib/action_dispatch/middleware/actionable_exceptions.rb:17:in `call'
actionpack (7.0.2.3) lib/action_dispatch/middleware/debug_exceptions.rb:28:in `call'
web-console (4.2.0) lib/web_console/middleware.rb:132:in `call_app'
web-console (4.2.0) lib/web_console/middleware.rb:28:in `block in call'
web-console (4.2.0) lib/web_console/middleware.rb:17:in `catch'
web-console (4.2.0) lib/web_console/middleware.rb:17:in `call'
actionpack (7.0.2.3) lib/action_dispatch/middleware/show_exceptions.rb:26:in `call'
railties (7.0.2.3) lib/rails/rack/logger.rb:36:in `call_app'
railties (7.0.2.3) lib/rails/rack/logger.rb:25:in `block in call'
activesupport (7.0.2.3) lib/active_support/tagged_logging.rb:99:in `block in tagged'
activesupport (7.0.2.3) lib/active_support/tagged_logging.rb:37:in `tagged'
activesupport (7.0.2.3) lib/active_support/tagged_logging.rb:99:in `tagged'
railties (7.0.2.3) lib/rails/rack/logger.rb:25:in `call'
sprockets-rails (3.4.2) lib/sprockets/rails/quiet_assets.rb:13:in `call'
actionpack (7.0.2.3) lib/action_dispatch/middleware/remote_ip.rb:93:in `call'
actionpack (7.0.2.3) lib/action_dispatch/middleware/request_id.rb:26:in `call'
rack (2.2.3) lib/rack/method_override.rb:24:in `call'
rack (2.2.3) lib/rack/runtime.rb:22:in `call'
activesupport (7.0.2.3) lib/active_support/cache/strategy/local_cache_middleware.rb:29:in `call'
actionpack (7.0.2.3) lib/action_dispatch/middleware/server_timing.rb:20:in `call'
actionpack (7.0.2.3) lib/action_dispatch/middleware/executor.rb:14:in `call'
actionpack (7.0.2.3) lib/action_dispatch/middleware/static.rb:23:in `call'
rack (2.2.3) lib/rack/sendfile.rb:110:in `call'
actionpack (7.0.2.3) lib/action_dispatch/middleware/host_authorization.rb:137:in `call'
railties (7.0.2.3) lib/rails/engine.rb:530:in `call'
puma (5.6.4) lib/puma/configuration.rb:252:in `call'
puma (5.6.4) lib/puma/request.rb:77:in `block in handle_request'
puma (5.6.4) lib/puma/thread_pool.rb:340:in `with_force_shutdown'
puma (5.6.4) lib/puma/request.rb:76:in `handle_request'
puma (5.6.4) lib/puma/server.rb:441:in `process_client'
puma (5.6.4) lib/puma/thread_pool.rb:147:in `block in spawn_thread'
Started GET "/" for 127.0.0.1 at 2022-04-10 21:11:34 -0400
Processing by Rails::WelcomeController#index as HTML
  Rendering /Users/hvgd0121/.asdf/installs/ruby/3.1.1/lib/ruby/gems/3.1.0/gems/railties-7.0.2.3/lib/rails/templates/rails/welcome/index.html.erb
  Rendered /Users/hvgd0121/.asdf/installs/ruby/3.1.1/lib/ruby/gems/3.1.0/gems/railties-7.0.2.3/lib/rails/templates/rails/welcome/index.html.erb (Duration: 2.5ms | Allocations: 528)
Completed 200 OK in 16ms (Views: 5.8ms | ActiveRecord: 0.0ms | Allocations: 4021)


Started GET "/" for 127.0.0.1 at 2022-04-10 21:18:13 -0400
Processing by Rails::WelcomeController#index as HTML
  Rendering /Users/hvgd0121/.asdf/installs/ruby/3.1.1/lib/ruby/gems/3.1.0/gems/railties-7.0.2.3/lib/rails/templates/rails/welcome/index.html.erb
  Rendered /Users/hvgd0121/.asdf/installs/ruby/3.1.1/lib/ruby/gems/3.1.0/gems/railties-7.0.2.3/lib/rails/templates/rails/welcome/index.html.erb (Duration: 1.2ms | Allocations: 528)
Completed 200 OK in 9ms (Views: 3.6ms | ActiveRecord: 0.0ms | Allocations: 3606)


Started GET "/home/index" for 127.0.0.1 at 2022-04-10 21:18:17 -0400
Processing by HomeController#index as HTML
  Rendering layout layouts/application.html.erb
  Rendering home/index.html.erb within layouts/application
  Rendered home/index.html.erb within layouts/application (Duration: 0.5ms | Allocations: 151)
  Rendered layout layouts/application.html.erb (Duration: 542.1ms | Allocations: 89476)
Completed 200 OK in 545ms (Views: 543.7ms | ActiveRecord: 0.0ms | Allocations: 90528)


Started GET "/" for 127.0.0.1 at 2022-04-10 21:19:52 -0400
Processing by HomeController#index as HTML
  Rendering layout layouts/application.html.erb
  Rendering home/index.html.erb within layouts/application
  Rendered home/index.html.erb within layouts/application (Duration: 0.1ms | Allocations: 26)
  Rendered layout layouts/application.html.erb (Duration: 39.3ms | Allocations: 13585)
Completed 200 OK in 41ms (Views: 40.3ms | ActiveRecord: 0.0ms | Allocations: 14234)


  [1m[35m (6.1ms)[0m  [1m[35mCREATE TABLE `schema_migrations` (`version` varchar(255) NOT NULL PRIMARY KEY)[0m
  [1m[35m (5.7ms)[0m  [1m[35mCREATE TABLE `ar_internal_metadata` (`key` varchar(255) NOT NULL PRIMARY KEY, `value` varchar(255), `created_at` datetime(6) NOT NULL, `updated_at` datetime(6) NOT NULL)[0m
  [1m[35m (0.2ms)[0m  [1m[34mSELECT GET_LOCK('7226749287237291945', 0)[0m
  [1m[36mActiveRecord::SchemaMigration Pluck (0.5ms)[0m  [1m[34mSELECT `schema_migrations`.`version` FROM `schema_migrations` ORDER BY `schema_migrations`.`version` ASC[0m
Migrating to Recipes (20220411012432)
  [1m[36mTRANSACTION (0.3ms)[0m  [1m[35mBEGIN[0m
  [1m[36mActiveRecord::SchemaMigration Create (0.3ms)[0m  [1m[32mINSERT INTO `schema_migrations` (`version`) VALUES ('20220411012432')[0m
  [1m[36mTRANSACTION (0.7ms)[0m  [1m[35mCOMMIT[0m
Migrating to CreateRecipe1s (20220411012715)
  [1m[35m (5.4ms)[0m  [1m[35mCREATE TABLE `recipe1s` (`id` bigint NOT NULL AUTO_INCREMENT PRIMARY KEY, `title` varchar(255), `body` text, `created_at` datetime(6) NOT NULL, `updated_at` datetime(6) NOT NULL)[0m
  [1m[36mTRANSACTION (0.1ms)[0m  [1m[35mBEGIN[0m
  [1m[36mActiveRecord::SchemaMigration Create (0.9ms)[0m  [1m[32mINSERT INTO `schema_migrations` (`version`) VALUES ('20220411012715')[0m
  [1m[36mTRANSACTION (0.6ms)[0m  [1m[35mCOMMIT[0m
  [1m[36mActiveRecord::InternalMetadata Load (0.6ms)[0m  [1m[34mSELECT `ar_internal_metadata`.* FROM `ar_internal_metadata` WHERE `ar_internal_metadata`.`key` = 'environment' LIMIT 1[0m
  [1m[36mTRANSACTION (0.2ms)[0m  [1m[35mBEGIN[0m
  [1m[36mActiveRecord::InternalMetadata Create (0.4ms)[0m  [1m[32mINSERT INTO `ar_internal_metadata` (`key`, `value`, `created_at`, `updated_at`) VALUES ('environment', 'development', '2022-04-11 01:28:07.029978', '2022-04-11 01:28:07.029978')[0m
  [1m[36mTRANSACTION (0.5ms)[0m  [1m[35mCOMMIT[0m
  [1m[35m (0.4ms)[0m  [1m[34mSELECT RELEASE_LOCK('7226749287237291945')[0m
  [1m[36mActiveRecord::SchemaMigration Pluck (0.3ms)[0m  [1m[34mSELECT `schema_migrations`.`version` FROM `schema_migrations` ORDER BY `schema_migrations`.`version` ASC[0m
Started GET "/" for 127.0.0.1 at 2022-04-10 21:45:27 -0400
  [1m[36mActiveRecord::SchemaMigration Pluck (0.6ms)[0m  [1m[34mSELECT `schema_migrations`.`version` FROM `schema_migrations` ORDER BY `schema_migrations`.`version` ASC[0m
Processing by HomeController#index as HTML
  Rendering layout layouts/application.html.erb
  Rendering home/index.html.erb within layouts/application
  Rendered home/index.html.erb within layouts/application (Duration: 54.7ms | Allocations: 6715)
  Rendered layout layouts/application.html.erb (Duration: 237.5ms | Allocations: 40460)
Completed 200 OK in 262ms (Views: 245.5ms | ActiveRecord: 0.0ms | Allocations: 43687)


Started GET "/" for 127.0.0.1 at 2022-04-10 21:46:50 -0400
Processing by HomeController#index as HTML
  Rendering layout layouts/application.html.erb
  Rendering home/index.html.erb within layouts/application
  Rendered home/index.html.erb within layouts/application (Duration: 2.7ms | Allocations: 2777)
  Rendered layout layouts/application.html.erb (Duration: 6.3ms | Allocations: 5193)
Completed 200 OK in 11ms (Views: 10.3ms | ActiveRecord: 0.0ms | Allocations: 6082)


Started GET "/" for 127.0.0.1 at 2022-04-10 21:50:06 -0400
Processing by HomeController#index as HTML
  Rendering layout layouts/application.html.erb
  Rendering home/index.html.erb within layouts/application
  Rendered home/index.html.erb within layouts/application (Duration: 3.2ms | Allocations: 5524)
  Rendered layout layouts/application.html.erb (Duration: 6.8ms | Allocations: 7940)
Completed 200 OK in 12ms (Views: 8.7ms | ActiveRecord: 0.0ms | Allocations: 8796)


Started POST "/" for 127.0.0.1 at 2022-04-10 21:50:19 -0400
  
ActionController::RoutingError (No route matches [POST] "/"):
  
Started GET "/" for 127.0.0.1 at 2022-04-10 21:50:19 -0400
Processing by HomeController#index as HTML
  Rendering layout layouts/application.html.erb
  Rendering home/index.html.erb within layouts/application
  Rendered home/index.html.erb within layouts/application (Duration: 6.2ms | Allocations: 5072)
  Rendered layout layouts/application.html.erb (Duration: 10.0ms | Allocations: 7227)
Completed 200 OK in 11ms (Views: 10.6ms | ActiveRecord: 0.0ms | Allocations: 7539)


Started GET "/" for 127.0.0.1 at 2022-04-10 21:51:12 -0400
Processing by HomeController#index as HTML
  Rendering layout layouts/application.html.erb
  Rendering home/index.html.erb within layouts/application
  Rendered home/index.html.erb within layouts/application (Duration: 2.9ms | Allocations: 4965)
  Rendered layout layouts/application.html.erb (Duration: 6.4ms | Allocations: 7013)
Completed 200 OK in 8ms (Views: 7.1ms | ActiveRecord: 0.0ms | Allocations: 7281)


Started GET "/" for 127.0.0.1 at 2022-04-11 15:00:54 -0400
  [1m[36mActiveRecord::SchemaMigration Pluck (4.0ms)[0m  [1m[34mSELECT `schema_migrations`.`version` FROM `schema_migrations` ORDER BY `schema_migrations`.`version` ASC[0m
  
SyntaxError (/Users/hvgd0121/recipe_generator/app/controllers/home_controller.rb:28: syntax error, unexpected '}', expecting =>
...=> 'beef', veg => 'carrot', ''}
...                              ^
):
  
app/controllers/home_controller.rb:28: syntax error, unexpected '}', expecting =>
app/controllers/home_controller.rb:28: syntax error, unexpected '}', expecting =>
app/controllers/home_controller.rb:28: syntax error, unexpected '}', expecting =>
Started GET "/" for 127.0.0.1 at 2022-04-11 15:01:07 -0400
Processing by HomeController#index as HTML
Started GET "/" for 127.0.0.1 at 2022-04-11 15:01:12 -0400
Completed 500 Internal Server Error in 20553ms (ActiveRecord: 0.0ms | Allocations: 2679)


  
Errno::EIO (Input/output error @ io_fillbuf - fd:0 <STDIN>):
  
app/controllers/home_controller.rb:4:in `gets'
app/controllers/home_controller.rb:4:in `gets'
app/controllers/home_controller.rb:4:in `index'
Processing by HomeController#index as HTML
Completed 500 Internal Server Error in 2ms (ActiveRecord: 0.0ms | Allocations: 457)


  
Errno::EIO (Input/output error @ io_fillbuf - fd:0 <STDIN>):
  
app/controllers/home_controller.rb:4:in `gets'
app/controllers/home_controller.rb:4:in `gets'
app/controllers/home_controller.rb:4:in `index'
Started GET "/" for 127.0.0.1 at 2022-04-11 15:01:28 -0400
Processing by HomeController#index as HTML
Completed 500 Internal Server Error in 2ms (ActiveRecord: 0.0ms | Allocations: 754)


  
Errno::EIO (Input/output error @ io_fillbuf - fd:0 <STDIN>):
  
app/controllers/home_controller.rb:4:in `gets'
app/controllers/home_controller.rb:4:in `gets'
app/controllers/home_controller.rb:4:in `index'
Started GET "/" for 127.0.0.1 at 2022-04-11 15:01:50 -0400
  [1m[36mActiveRecord::SchemaMigration Pluck (0.4ms)[0m  [1m[34mSELECT `schema_migrations`.`version` FROM `schema_migrations` ORDER BY `schema_migrations`.`version` ASC[0m
Processing by HomeController#index as HTML
Completed 500 Internal Server Error in 109183ms (ActiveRecord: 0.0ms | Allocations: 2012)


  
Errno::EIO (Input/output error @ io_fillbuf - fd:0 <STDIN>):
  
app/controllers/home_controller.rb:4:in `gets'
app/controllers/home_controller.rb:4:in `gets'
app/controllers/home_controller.rb:4:in `index'
Started GET "/" for 127.0.0.1 at 2022-04-11 15:04:05 -0400
  [1m[36mActiveRecord::SchemaMigration Pluck (0.4ms)[0m  [1m[34mSELECT `schema_migrations`.`version` FROM `schema_migrations` ORDER BY `schema_migrations`.`version` ASC[0m
Processing by HomeController#index as HTML
  Rendering layout layouts/application.html.erb
  Rendering home/index.html.erb within layouts/application
  Rendered home/index.html.erb within layouts/application (Duration: 26.3ms | Allocations: 7864)
  Rendered layout layouts/application.html.erb (Duration: 121.6ms | Allocations: 41721)
Completed 200 OK in 130ms (Views: 124.1ms | ActiveRecord: 0.0ms | Allocations: 44947)


Started POST "/" for 127.0.0.1 at 2022-04-11 15:04:31 -0400
  
ActionController::RoutingError (No route matches [POST] "/"):
  
Started GET "/" for 127.0.0.1 at 2022-04-11 15:04:31 -0400
Processing by HomeController#index as HTML
  Rendering layout layouts/application.html.erb
  Rendering home/index.html.erb within layouts/application
  Rendered home/index.html.erb within layouts/application (Duration: 5.8ms | Allocations: 5089)
  Rendered layout layouts/application.html.erb (Duration: 9.2ms | Allocations: 7229)
Completed 200 OK in 10ms (Views: 9.9ms | ActiveRecord: 0.0ms | Allocations: 7542)


Started POST "/" for 127.0.0.1 at 2022-04-11 15:04:35 -0400
  
ActionController::RoutingError (No route matches [POST] "/"):
  
Started GET "/" for 127.0.0.1 at 2022-04-11 15:04:35 -0400
Processing by HomeController#index as HTML
  Rendering layout layouts/application.html.erb
  Rendering home/index.html.erb within layouts/application
  Rendered home/index.html.erb within layouts/application (Duration: 2.5ms | Allocations: 4955)
  Rendered layout layouts/application.html.erb (Duration: 5.4ms | Allocations: 6994)
Completed 200 OK in 6ms (Views: 6.0ms | ActiveRecord: 0.0ms | Allocations: 7262)


Started POST "/" for 127.0.0.1 at 2022-04-11 15:04:48 -0400
  
ActionController::RoutingError (No route matches [POST] "/"):
  
Started GET "/" for 127.0.0.1 at 2022-04-11 15:04:48 -0400
Processing by HomeController#index as HTML
  Rendering layout layouts/application.html.erb
  Rendering home/index.html.erb within layouts/application
  Rendered home/index.html.erb within layouts/application (Duration: 5.5ms | Allocations: 4949)
  Rendered layout layouts/application.html.erb (Duration: 8.8ms | Allocations: 7003)
Completed 200 OK in 10ms (Views: 9.3ms | ActiveRecord: 0.0ms | Allocations: 7273)


  [1m[35m (1.1ms)[0m  [1m[34mSELECT GET_LOCK('7226749287237291945', 0)[0m
  [1m[36mActiveRecord::SchemaMigration Pluck (0.4ms)[0m  [1m[34mSELECT `schema_migrations`.`version` FROM `schema_migrations` ORDER BY `schema_migrations`.`version` ASC[0m
Migrating to CreateData (20220411192031)
  [1m[35m (70.0ms)[0m  [1m[35mCREATE TABLE `data` (`id` bigint NOT NULL AUTO_INCREMENT PRIMARY KEY, `title` varchar(255), `directions` text, `created_at` datetime(6) NOT NULL, `updated_at` datetime(6) NOT NULL)[0m
  [1m[36mTRANSACTION (0.3ms)[0m  [1m[35mBEGIN[0m
  [1m[36mActiveRecord::SchemaMigration Create (2.9ms)[0m  [1m[32mINSERT INTO `schema_migrations` (`version`) VALUES ('20220411192031')[0m
  [1m[36mTRANSACTION (0.7ms)[0m  [1m[35mCOMMIT[0m
Migrating to Data (20220411192147)
  [1m[36mTRANSACTION (0.2ms)[0m  [1m[35mBEGIN[0m
  [1m[36mActiveRecord::SchemaMigration Create (1.0ms)[0m  [1m[32mINSERT INTO `schema_migrations` (`version`) VALUES ('20220411192147')[0m
  [1m[36mTRANSACTION (0.5ms)[0m  [1m[35mCOMMIT[0m
  [1m[36mActiveRecord::InternalMetadata Load (1.5ms)[0m  [1m[34mSELECT `ar_internal_metadata`.* FROM `ar_internal_metadata` WHERE `ar_internal_metadata`.`key` = 'environment' LIMIT 1[0m
  [1m[35m (0.7ms)[0m  [1m[34mSELECT RELEASE_LOCK('7226749287237291945')[0m
  [1m[36mActiveRecord::SchemaMigration Pluck (0.6ms)[0m  [1m[34mSELECT `schema_migrations`.`version` FROM `schema_migrations` ORDER BY `schema_migrations`.`version` ASC[0m
  [1m[36mTRANSACTION (0.2ms)[0m  [1m[35mBEGIN[0m
  [1m[36mDatum Create (0.4ms)[0m  [1m[32mINSERT INTO `data` (`title`, `directions`, `created_at`, `updated_at`) VALUES ('chicken pot pie', 'here is how to make chicken pot pie', '2022-04-11 19:29:29.893993', '2022-04-11 19:29:29.893993')[0m
  [1m[36mTRANSACTION (0.5ms)[0m  [1m[35mCOMMIT[0m
  [1m[36mDatum Load (0.4ms)[0m  [1m[34mSELECT `data`.* FROM `data` WHERE `data`.`id` = 1 LIMIT 1[0m
  [1m[36mDatum Load (0.3ms)[0m  [1m[34mSELECT `data`.* FROM `data`[0m
Started GET "/" for 127.0.0.1 at 2022-04-11 15:33:29 -0400
  [1m[36mActiveRecord::SchemaMigration Pluck (0.4ms)[0m  [1m[34mSELECT `schema_migrations`.`version` FROM `schema_migrations` ORDER BY `schema_migrations`.`version` ASC[0m
Processing by HomeController#index as HTML
  Rendering layout layouts/application.html.erb
  Rendering home/index.html.erb within layouts/application
  [1m[36mDatum Load (0.4ms)[0m  [1m[34mSELECT `data`.* FROM `data`[0m
  ↳ app/views/home/index.html.erb:4
  Rendered home/index.html.erb within layouts/application (Duration: 41.6ms | Allocations: 12241)
  Rendered layout layouts/application.html.erb (Duration: 132.1ms | Allocations: 46314)
Completed 200 OK in 145ms (Views: 132.7ms | ActiveRecord: 3.2ms | Allocations: 50258)


Started GET "/" for 127.0.0.1 at 2022-04-11 15:40:14 -0400
Processing by HomeController#index as HTML
  Rendering layout layouts/application.html.erb
  Rendering home/index.html.erb within layouts/application
  [1m[36mDatum Load (0.4ms)[0m  [1m[34mSELECT `data`.* FROM `data`[0m
  ↳ app/views/home/index.html.erb:35
  Rendered home/index.html.erb within layouts/application (Duration: 10.1ms | Allocations: 7907)
  Rendered layout layouts/application.html.erb (Duration: 23.0ms | Allocations: 21286)
Completed 200 OK in 27ms (Views: 24.7ms | ActiveRecord: 0.6ms | Allocations: 22912)


Started GET "/" for ::1 at 2022-04-11 16:21:50 -0400
  [1m[36mActiveRecord::SchemaMigration Pluck (0.6ms)[0m  [1m[34mSELECT `schema_migrations`.`version` FROM `schema_migrations` ORDER BY `schema_migrations`.`version` ASC[0m
Processing by HomeController#index as HTML
  Rendering layout layouts/application.html.erb
  Rendering home/index.html.erb within layouts/application
  [1m[36mDatum Load (0.8ms)[0m  [1m[34mSELECT `data`.* FROM `data`[0m
  ↳ app/views/home/index.html.erb:35
  Rendered home/index.html.erb within layouts/application (Duration: 38.0ms | Allocations: 12233)
  Rendered layout layouts/application.html.erb (Duration: 122.8ms | Allocations: 46296)
Completed 200 OK in 137ms (Views: 122.4ms | ActiveRecord: 3.8ms | Allocations: 50297)


Started GET "/home/index" for ::1 at 2022-04-11 16:21:56 -0400
Processing by HomeController#index as HTML
  Rendering layout layouts/application.html.erb
  Rendering home/index.html.erb within layouts/application
  [1m[36mDatum Load (0.3ms)[0m  [1m[34mSELECT `data`.* FROM `data`[0m
  ↳ app/views/home/index.html.erb:35
  Rendered home/index.html.erb within layouts/application (Duration: 6.1ms | Allocations: 5793)
  Rendered layout layouts/application.html.erb (Duration: 9.3ms | Allocations: 7860)
Completed 200 OK in 11ms (Views: 9.6ms | ActiveRecord: 0.3ms | Allocations: 8214)


Started GET "/home/index" for ::1 at 2022-04-11 16:36:34 -0400
Processing by HomeController#index as HTML
  Rendering layout layouts/application.html.erb
  Rendering home/index.html.erb within layouts/application
  Rendered home/index.html.erb within layouts/application (Duration: 3.0ms | Allocations: 1500)
  Rendered layout layouts/application.html.erb (Duration: 4.0ms | Allocations: 1605)
Completed 500 Internal Server Error in 10ms (Allocations: 3248)


  
ActionView::SyntaxErrorInTemplate (Encountered a syntax error while rendering template: check <h1>What's for Dinner?</h1>
<h1>Protein</h1>

<form action= "/input" name = "protein">
  <input name = "input" type = "text">
  <input name = "input" type = "text">
  <input name = "input" type = "text">
  <input name = "input" type = "text">
  <input name = "input" type = "text">
  <button type = "submit">Submit</button>
</form>
<ul>
<% @data.each do |data|%>
  <li>
    <%= data.title%>
  </li>
<% end%>
</ul>
<% end %>


):
1:    <h1>What's for Dinner?</h1>
2:    <h1>Protein</h1>
3:    
4:    <form action= "/input" name = "protein">
5:      <input name = "input" type = "text">
6:      <input name = "input" type = "text">
7:      <input name = "input" type = "text">
8:      <input name = "input" type = "text">
9:      <input name = "input" type = "text">
10:      <button type = "submit">Submit</button>
11:    </form>
12:    <ul>
13:    <% @data.each do |data|%>
14:      <li>
15:        <%= data.title%>
16:      </li>
17:    <% end%>
18:    </ul>
19:    <% end %>
  
app/views/home/index.html.erb:22: syntax error, unexpected `end', expecting end-of-input
app/views/home/index.html.erb:22: syntax error, unexpected `end', expecting end-of-input
app/views/home/index.html.erb:22: syntax error, unexpected `end', expecting end-of-input
app/views/home/index.html.erb:22: syntax error, unexpected `end', expecting end-of-input
app/views/home/index.html.erb:22: syntax error, unexpected `end', expecting end-of-input
app/views/home/index.html.erb:22: syntax error, unexpected `end', expecting end-of-input
Started GET "/home/index" for ::1 at 2022-04-11 16:37:05 -0400
Processing by HomeController#index as HTML
  Rendering layout layouts/application.html.erb
  Rendering home/index.html.erb within layouts/application
  Rendered home/index.html.erb within layouts/application (Duration: 0.8ms | Allocations: 162)
  Rendered layout layouts/application.html.erb (Duration: 19.6ms | Allocations: 13888)
Completed 200 OK in 27ms (Views: 23.3ms | Allocations: 14761)


Started GET "/input?input=&input=&input=&input=&input=" for ::1 at 2022-04-11 16:37:09 -0400
  
ActionController::RoutingError (No route matches [GET] "/input"):
  
Started GET "/home/index" for ::1 at 2022-04-11 16:37:09 -0400
Processing by HomeController#index as HTML
  Rendering layout layouts/application.html.erb
  Rendering home/index.html.erb within layouts/application
  Rendered home/index.html.erb within layouts/application (Duration: 0.0ms | Allocations: 18)
  Rendered layout layouts/application.html.erb (Duration: 3.1ms | Allocations: 2331)
Completed 200 OK in 4ms (Views: 3.7ms | Allocations: 2647)


Started GET "/input?input=jkl&input=&input=&input=&input=" for ::1 at 2022-04-11 16:37:47 -0400
  
ActionController::RoutingError (No route matches [GET] "/input"):
  
Started GET "/home/index" for ::1 at 2022-04-11 16:37:47 -0400
Processing by HomeController#index as HTML
  Rendering layout layouts/application.html.erb
  Rendering home/index.html.erb within layouts/application
  Rendered home/index.html.erb within layouts/application (Duration: 0.1ms | Allocations: 18)
  Rendered layout layouts/application.html.erb (Duration: 5.9ms | Allocations: 2234)
Completed 200 OK in 7ms (Views: 6.4ms | Allocations: 2517)


Started GET "/home/index" for ::1 at 2022-04-11 16:44:24 -0400
  
SyntaxError (/Users/hvgd0121/whats-for-dinner/config/routes.rb:4: syntax error, unexpected local variable or method, expecting `end'
  get 'input/:input' to 'input#show'
                     ^~
/Users/hvgd0121/whats-for-dinner/config/routes.rb:11: syntax error, unexpected `end', expecting end-of-input):
  
config/routes.rb:4: syntax error, unexpected local variable or method, expecting `end'
config/routes.rb:11: syntax error, unexpected `end', expecting end-of-input
config/routes.rb:4: syntax error, unexpected local variable or method, expecting `end'
config/routes.rb:11: syntax error, unexpected `end', expecting end-of-input
config/routes.rb:4: syntax error, unexpected local variable or method, expecting `end'
config/routes.rb:11: syntax error, unexpected `end', expecting end-of-input
Started GET "/home/index" for ::1 at 2022-04-11 16:44:53 -0400
  
SyntaxError (/Users/hvgd0121/whats-for-dinner/config/routes.rb:4: syntax error, unexpected local variable or method, expecting `end'
  get 'input/:action' to 'input#show'
                      ^~
/Users/hvgd0121/whats-for-dinner/config/routes.rb:11: syntax error, unexpected `end', expecting end-of-input):
  
config/routes.rb:4: syntax error, unexpected local variable or method, expecting `end'
config/routes.rb:11: syntax error, unexpected `end', expecting end-of-input
config/routes.rb:4: syntax error, unexpected local variable or method, expecting `end'
config/routes.rb:11: syntax error, unexpected `end', expecting end-of-input
config/routes.rb:4: syntax error, unexpected local variable or method, expecting `end'
config/routes.rb:11: syntax error, unexpected `end', expecting end-of-input
Started GET "/home/index" for ::1 at 2022-04-11 16:45:08 -0400
Processing by HomeController#index as HTML
Completed 500 Internal Server Error in 2ms (Allocations: 1163)


  
NoMethodError (undefined method `[]' for nil:NilClass

    params[:input][:protein]
                  ^^^^^^^^^^):
  
app/controllers/home_controller.rb:3:in `index'
Started GET "/" for ::1 at 2022-04-11 19:32:55 -0400
  
SyntaxError (/Users/hvgd0121/whats-for-dinner/app/controllers/home_controller.rb:15: syntax error, unexpected end-of-input, expecting `end'):
  
app/controllers/home_controller.rb:15: syntax error, unexpected end-of-input, expecting `end'
app/controllers/home_controller.rb:15: syntax error, unexpected end-of-input, expecting `end'
app/controllers/home_controller.rb:15: syntax error, unexpected end-of-input, expecting `end'
Started GET "/" for ::1 at 2022-04-11 19:34:14 -0400
Processing by HomeController#index as HTML
  Rendering layout layouts/application.html.erb
  Rendering home/index.html.erb within layouts/application
  Rendered home/index.html.erb within layouts/application (Duration: 5.8ms | Allocations: 5184)
  Rendered layout layouts/application.html.erb (Duration: 6.0ms | Allocations: 5278)
Completed 500 Internal Server Error in 8ms (Allocations: 6246)


  
ActionView::Template::Error (undefined local variable or method `index' for #<ActionView::Base:0x0000000001a590>

'.freeze;@output_buffer.append=  form_with url: index, local: true, method: :post do@output_buffer.safe_append='
                                                ^^^^^
Did you mean?  index_url):
    1: <h1>What's for Dinner?</h1>
    2: <h1>Protein</h1>
    3: <%= form_with url: index, local: true, method: :post do%>
    4: 
    5:   <div>
    6:     <%= label_tage "input 1"%>
  
app/views/home/index.html.erb:3
Started GET "/" for ::1 at 2022-04-11 19:34:41 -0400
Processing by HomeController#index as HTML
  Rendering layout layouts/application.html.erb
  Rendering home/index.html.erb within layouts/application
  Rendered home/index.html.erb within layouts/application (Duration: 0.6ms | Allocations: 154)
  Rendered layout layouts/application.html.erb (Duration: 18.7ms | Allocations: 13885)
Completed 200 OK in 21ms (Views: 20.4ms | Allocations: 14761)


Started GET "/" for ::1 at 2022-04-11 19:36:11 -0400
Processing by HomeController#index as HTML
  Rendering layout layouts/application.html.erb
  Rendering home/index.html.erb within layouts/application
  Rendered home/index.html.erb within layouts/application (Duration: 0.5ms | Allocations: 155)
  Rendered layout layouts/application.html.erb (Duration: 4.8ms | Allocations: 2824)
Completed 200 OK in 7ms (Views: 6.1ms | Allocations: 3695)


Started GET "/" for ::1 at 2022-04-11 19:43:31 -0400
  [1m[36mActiveRecord::SchemaMigration Pluck (0.4ms)[0m  [1m[34mSELECT `schema_migrations`.`version` FROM `schema_migrations` ORDER BY `schema_migrations`.`version` ASC[0m
Processing by HomeController#index as HTML
  Rendering layout layouts/application.html.erb
  Rendering home/index.html.erb within layouts/application
  Rendered home/index.html.erb within layouts/application (Duration: 1.5ms | Allocations: 514)
  Rendered layout layouts/application.html.erb (Duration: 90.7ms | Allocations: 34684)
Completed 200 OK in 106ms (Views: 96.4ms | ActiveRecord: 0.0ms | Allocations: 37988)


Started GET "/protein" for ::1 at 2022-04-11 19:43:33 -0400
Processing by HomeController#protein as HTML
  Rendering layout layouts/application.html.erb
  Rendering home/protein.html.erb within layouts/application
  Rendered home/protein.html.erb within layouts/application (Duration: 1.3ms | Allocations: 144)
  Rendered layout layouts/application.html.erb (Duration: 6.4ms | Allocations: 2515)
Completed 200 OK in 8ms (Views: 7.6ms | ActiveRecord: 0.0ms | Allocations: 2961)


Started GET "/protein" for ::1 at 2022-04-11 19:44:51 -0400
Processing by HomeController#protein as HTML
  Rendering layout layouts/application.html.erb
  Rendering home/protein.html.erb within layouts/application
  Rendered home/protein.html.erb within layouts/application (Duration: 2.3ms | Allocations: 241)
  Rendered layout layouts/application.html.erb (Duration: 10.9ms | Allocations: 2878)
Completed 200 OK in 18ms (Views: 16.8ms | ActiveRecord: 0.0ms | Allocations: 3730)


Started GET "/index" for ::1 at 2022-04-11 19:44:52 -0400
Processing by HomeController#index as HTML
  Rendering layout layouts/application.html.erb
  Rendering home/index.html.erb within layouts/application
  Rendered home/index.html.erb within layouts/application (Duration: 1.6ms | Allocations: 177)
  Rendered layout layouts/application.html.erb (Duration: 7.7ms | Allocations: 2369)
Completed 200 OK in 9ms (Views: 8.5ms | ActiveRecord: 0.0ms | Allocations: 2757)


Started GET "/protein" for ::1 at 2022-04-11 19:44:53 -0400
Processing by HomeController#protein as HTML
  Rendering layout layouts/application.html.erb
  Rendering home/protein.html.erb within layouts/application
  Rendered home/protein.html.erb within layouts/application (Duration: 0.2ms | Allocations: 46)
  Rendered layout layouts/application.html.erb (Duration: 4.0ms | Allocations: 2235)
Completed 200 OK in 5ms (Views: 4.7ms | ActiveRecord: 0.0ms | Allocations: 2528)


Started GET "/index" for ::1 at 2022-04-11 19:44:53 -0400
Processing by HomeController#index as HTML
  Rendering layout layouts/application.html.erb
  Rendering home/index.html.erb within layouts/application
  Rendered home/index.html.erb within layouts/application (Duration: 0.1ms | Allocations: 46)
  Rendered layout layouts/application.html.erb (Duration: 27.9ms | Allocations: 2255)
Completed 200 OK in 29ms (Views: 28.3ms | ActiveRecord: 0.0ms | Allocations: 2551)


Started GET "/" for ::1 at 2022-04-11 19:45:51 -0400
Processing by HomeController#index as HTML
  Rendering layout layouts/application.html.erb
  Rendering home/index.html.erb within layouts/application
  Rendered home/index.html.erb within layouts/application (Duration: 0.2ms | Allocations: 46)
  Rendered layout layouts/application.html.erb (Duration: 9.3ms | Allocations: 2246)
Completed 200 OK in 12ms (Views: 10.8ms | ActiveRecord: 0.0ms | Allocations: 2539)


Started GET "/" for ::1 at 2022-04-11 20:03:33 -0400
Processing by HomeController#index as HTML
  Rendering layout layouts/application.html.erb
  Rendering home/index.html.erb within layouts/application
  Rendered home/index.html.erb within layouts/application (Duration: 0.8ms | Allocations: 253)
  Rendered layout layouts/application.html.erb (Duration: 17.7ms | Allocations: 13869)
Completed 200 OK in 21ms (Views: 19.6ms | Allocations: 14867)


Started GET "/protein" for ::1 at 2022-04-11 20:03:36 -0400
Processing by HomeController#protein as HTML
  Rendering layout layouts/application.html.erb
  Rendering home/protein.html.erb within layouts/application
  Rendered home/protein.html.erb within layouts/application (Duration: 2.6ms | Allocations: 808)
  Rendered layout layouts/application.html.erb (Duration: 6.6ms | Allocations: 2847)
Completed 200 OK in 9ms (Views: 7.6ms | Allocations: 3210)


Started GET "/protein" for ::1 at 2022-04-11 20:04:30 -0400
Processing by HomeController#protein as HTML
  Rendering layout layouts/application.html.erb
  Rendering home/protein.html.erb within layouts/application
  Rendered home/protein.html.erb within layouts/application (Duration: 2.2ms | Allocations: 1107)
  Rendered layout layouts/application.html.erb (Duration: 8.0ms | Allocations: 3522)
Completed 200 OK in 13ms (Views: 11.5ms | Allocations: 4351)


Started GET "/protein" for ::1 at 2022-04-11 20:04:48 -0400
Processing by HomeController#protein as HTML
  Rendering layout layouts/application.html.erb
  Rendering home/protein.html.erb within layouts/application
  Rendered home/protein.html.erb within layouts/application (Duration: 2.3ms | Allocations: 1107)
  Rendered layout layouts/application.html.erb (Duration: 21.5ms | Allocations: 3523)
Completed 200 OK in 24ms (Views: 23.4ms | Allocations: 4381)


Started GET "/protein" for ::1 at 2022-04-11 20:10:10 -0400
Processing by HomeController#protein as HTML
  Rendering layout layouts/application.html.erb
  Rendering home/protein.html.erb within layouts/application
  Rendered home/protein.html.erb within layouts/application (Duration: 2.1ms | Allocations: 1263)
  Rendered layout layouts/application.html.erb (Duration: 20.9ms | Allocations: 3678)
Completed 200 OK in 31ms (Views: 29.9ms | Allocations: 4536)


Started GET "/protein" for ::1 at 2022-04-11 20:10:45 -0400
Processing by HomeController#protein as HTML
  Rendering layout layouts/application.html.erb
  Rendering home/protein.html.erb within layouts/application
  Rendered home/protein.html.erb within layouts/application (Duration: 6.2ms | Allocations: 1264)
  Rendered layout layouts/application.html.erb (Duration: 16.2ms | Allocations: 3679)
Completed 200 OK in 20ms (Views: 18.9ms | Allocations: 4537)


Started GET "/protein" for ::1 at 2022-04-11 20:10:51 -0400
Processing by HomeController#protein as HTML
  Rendering layout layouts/application.html.erb
  Rendering home/protein.html.erb within layouts/application
  Rendered home/protein.html.erb within layouts/application (Duration: 2.0ms | Allocations: 614)
  Rendered layout layouts/application.html.erb (Duration: 6.5ms | Allocations: 2653)
Completed 200 OK in 10ms (Views: 7.7ms | Allocations: 2959)


Started GET "/protein" for ::1 at 2022-04-11 21:42:23 -0400
  
SyntaxError (/Users/hvgd0121/whats-for-dinner/app/controllers/home_controller.rb:3: syntax error, unexpected ',', expecting =>
    required = {:input1, :input2, :input3, :input4, :...
                       ^
):
  
app/controllers/home_controller.rb:3: syntax error, unexpected ',', expecting =>
app/controllers/home_controller.rb:3: syntax error, unexpected ',', expecting =>
app/controllers/home_controller.rb:3: syntax error, unexpected ',', expecting =>
Started GET "/protein" for ::1 at 2022-04-11 21:44:40 -0400
  
SyntaxError (/Users/hvgd0121/whats-for-dinner/app/controllers/home_controller.rb:3: syntax error, unexpected ',', expecting =>
    required = {:input, :reply}
                      ^
):
  
app/controllers/home_controller.rb:3: syntax error, unexpected ',', expecting =>
app/controllers/home_controller.rb:3: syntax error, unexpected ',', expecting =>
app/controllers/home_controller.rb:3: syntax error, unexpected ',', expecting =>
Started GET "/protein" for ::1 at 2022-04-11 21:45:14 -0400
Processing by HomeController#protein as HTML
  Rendering layout layouts/application.html.erb
  Rendering home/protein.html.erb within layouts/application
  Rendered home/protein.html.erb within layouts/application (Duration: 1.9ms | Allocations: 1317)
  Rendered layout layouts/application.html.erb (Duration: 21.5ms | Allocations: 14796)
Completed 200 OK in 24ms (Views: 23.4ms | Allocations: 15713)


Started POST "/protein" for ::1 at 2022-04-11 21:45:16 -0400
Processing by HomeController#input_protein as TURBO_STREAM
  Parameters: {"authenticity_token"=>"[FILTERED]", "input"=>"", "reply"=>"true", "commit"=>"Submit"}
  Rendering layout layouts/application.html.erb
  Rendering home/protein.html.erb within layouts/application
  Rendered home/protein.html.erb within layouts/application (Duration: 1.8ms | Allocations: 1014)
  Rendered layout layouts/application.html.erb (Duration: 10.0ms | Allocations: 3156)
Completed 200 OK in 12ms (Views: 10.8ms | Allocations: 3843)


Started POST "/protein" for ::1 at 2022-04-11 21:45:17 -0400
Processing by HomeController#input_protein as TURBO_STREAM
  Parameters: {"authenticity_token"=>"[FILTERED]", "input"=>"", "reply"=>"true", "commit"=>"Submit"}
  Rendering layout layouts/application.html.erb
  Rendering home/protein.html.erb within layouts/application
  Rendered home/protein.html.erb within layouts/application (Duration: 0.6ms | Allocations: 461)
  Rendered layout layouts/application.html.erb (Duration: 3.6ms | Allocations: 2497)
Completed 200 OK in 6ms (Views: 4.2ms | Allocations: 2994)


Started POST "/protein" for ::1 at 2022-04-11 21:45:17 -0400
Processing by HomeController#input_protein as TURBO_STREAM
  Parameters: {"authenticity_token"=>"[FILTERED]", "input"=>"", "reply"=>"true", "commit"=>"Submit"}
  Rendering layout layouts/application.html.erb
  Rendering home/protein.html.erb within layouts/application
  Rendered home/protein.html.erb within layouts/application (Duration: 1.4ms | Allocations: 461)
  Rendered layout layouts/application.html.erb (Duration: 5.1ms | Allocations: 2492)
Completed 200 OK in 6ms (Views: 5.6ms | Allocations: 2969)


Started GET "/protein" for ::1 at 2022-04-11 21:46:48 -0400
Processing by HomeController#protein as HTML
  Rendering layout layouts/application.html.erb
  Rendering home/protein.html.erb within layouts/application
  Rendered home/protein.html.erb within layouts/application (Duration: 2.0ms | Allocations: 1329)
  Rendered layout layouts/application.html.erb (Duration: 17.0ms | Allocations: 14792)
Completed 200 OK in 20ms (Views: 19.1ms | Allocations: 15750)


Started POST "/protein" for ::1 at 2022-04-11 21:46:50 -0400
Processing by HomeController#input_protein as TURBO_STREAM
  Parameters: {"authenticity_token"=>"[FILTERED]", "input1"=>"", "input2"=>"", "input3"=>"", "input4"=>"", "input5"=>"", "reply"=>"true", "commit"=>"Submit"}
  Rendering layout layouts/application.html.erb
  Rendering home/protein.html.erb within layouts/application
  Rendered home/protein.html.erb within layouts/application (Duration: 1.8ms | Allocations: 946)
  Rendered layout layouts/application.html.erb (Duration: 4.5ms | Allocations: 2977)
Completed 200 OK in 6ms (Views: 5.0ms | Allocations: 3543)


Started POST "/protein" for ::1 at 2022-04-11 21:46:51 -0400
Processing by HomeController#input_protein as TURBO_STREAM
  Parameters: {"authenticity_token"=>"[FILTERED]", "input1"=>"", "input2"=>"", "input3"=>"", "input4"=>"", "input5"=>"", "reply"=>"true", "commit"=>"Submit"}
  Rendering layout layouts/application.html.erb
  Rendering home/protein.html.erb within layouts/application
  Rendered home/protein.html.erb within layouts/application (Duration: 1.0ms | Allocations: 462)
  Rendered layout layouts/application.html.erb (Duration: 3.8ms | Allocations: 2493)
Completed 200 OK in 5ms (Views: 4.2ms | Allocations: 3004)


Started POST "/protein" for ::1 at 2022-04-11 21:46:51 -0400
Processing by HomeController#input_protein as TURBO_STREAM
  Parameters: {"authenticity_token"=>"[FILTERED]", "input1"=>"", "input2"=>"", "input3"=>"", "input4"=>"", "input5"=>"", "reply"=>"true", "commit"=>"Submit"}
  Rendering layout layouts/application.html.erb
  Rendering home/protein.html.erb within layouts/application
  Rendered home/protein.html.erb within layouts/application (Duration: 0.8ms | Allocations: 462)
  Rendered layout layouts/application.html.erb (Duration: 3.2ms | Allocations: 2493)
Completed 200 OK in 5ms (Views: 3.9ms | Allocations: 2992)


Started POST "/protein" for ::1 at 2022-04-11 21:46:52 -0400
Processing by HomeController#input_protein as TURBO_STREAM
  Parameters: {"authenticity_token"=>"[FILTERED]", "input1"=>"", "input2"=>"", "input3"=>"", "input4"=>"", "input5"=>"", "reply"=>"true", "commit"=>"Submit"}
  Rendering layout layouts/application.html.erb
  Rendering home/protein.html.erb within layouts/application
  Rendered home/protein.html.erb within layouts/application (Duration: 0.8ms | Allocations: 462)
  Rendered layout layouts/application.html.erb (Duration: 4.1ms | Allocations: 2493)
Completed 200 OK in 6ms (Views: 4.9ms | Allocations: 2986)


Started POST "/protein" for ::1 at 2022-04-11 21:46:52 -0400
Processing by HomeController#input_protein as TURBO_STREAM
  Parameters: {"authenticity_token"=>"[FILTERED]", "input1"=>"", "input2"=>"", "input3"=>"", "input4"=>"", "input5"=>"", "reply"=>"true", "commit"=>"Submit"}
  Rendering layout layouts/application.html.erb
  Rendering home/protein.html.erb within layouts/application
  Rendered home/protein.html.erb within layouts/application (Duration: 0.9ms | Allocations: 462)
  Rendered layout layouts/application.html.erb (Duration: 3.3ms | Allocations: 2493)
Completed 200 OK in 5ms (Views: 3.9ms | Allocations: 3004)


Started POST "/protein" for ::1 at 2022-04-11 21:48:08 -0400
Processing by HomeController#input_protein as TURBO_STREAM
  Parameters: {"authenticity_token"=>"[FILTERED]", "input1"=>"", "input2"=>"", "input3"=>"", "input4"=>"", "input5"=>"", "reply"=>"true", "commit"=>"Submit"}
  Rendering layout layouts/application.html.erb
  Rendering home/protein.html.erb within layouts/application
  Rendered home/protein.html.erb within layouts/application (Duration: 1.2ms | Allocations: 462)
  Rendered layout layouts/application.html.erb (Duration: 4.7ms | Allocations: 2493)
Completed 200 OK in 7ms (Views: 5.2ms | Allocations: 2975)


Started POST "/protein" for ::1 at 2022-04-11 21:48:11 -0400
Processing by HomeController#input_protein as TURBO_STREAM
  Parameters: {"authenticity_token"=>"[FILTERED]", "input1"=>"", "input2"=>"", "input3"=>"", "input4"=>"", "input5"=>"", "reply"=>"true", "commit"=>"Submit"}
  Rendering layout layouts/application.html.erb
  Rendering home/protein.html.erb within layouts/application
  Rendered home/protein.html.erb within layouts/application (Duration: 0.6ms | Allocations: 462)
  Rendered layout layouts/application.html.erb (Duration: 3.7ms | Allocations: 2493)
Completed 200 OK in 6ms (Views: 4.3ms | Allocations: 2977)


Started GET "/protein" for ::1 at 2022-04-11 21:48:13 -0400
Processing by HomeController#protein as HTML
  Rendering layout layouts/application.html.erb
  Rendering home/protein.html.erb within layouts/application
  Rendered home/protein.html.erb within layouts/application (Duration: 0.8ms | Allocations: 623)
  Rendered layout layouts/application.html.erb (Duration: 5.0ms | Allocations: 2662)
Completed 200 OK in 6ms (Views: 5.6ms | Allocations: 2939)


Started GET "/protein" for ::1 at 2022-04-11 21:49:17 -0400
Processing by HomeController#protein as HTML
  Rendering layout layouts/application.html.erb
  Rendering home/protein.html.erb within layouts/application
  Rendered home/protein.html.erb within layouts/application (Duration: 1.9ms | Allocations: 1313)
  Rendered layout layouts/application.html.erb (Duration: 22.6ms | Allocations: 14827)
Completed 200 OK in 25ms (Views: 24.5ms | Allocations: 15785)


Started POST "/protein" for ::1 at 2022-04-11 21:49:19 -0400
Processing by HomeController#input_protein as TURBO_STREAM
  Parameters: {"authenticity_token"=>"[FILTERED]", "input1"=>"", "input2"=>"", "input3"=>"", "input4"=>"", "input5"=>"", "reply"=>"true", "commit"=>"Submit"}
  Rendering layout layouts/application.html.erb
  Rendering home/protein.html.erb within layouts/application
  Rendered home/protein.html.erb within layouts/application (Duration: 2.1ms | Allocations: 948)
  Rendered layout layouts/application.html.erb (Duration: 5.0ms | Allocations: 2984)
Completed 200 OK in 7ms (Views: 5.5ms | Allocations: 3547)


Started GET "/protein" for ::1 at 2022-04-11 21:51:04 -0400
Processing by HomeController#protein as HTML
  Rendering layout layouts/application.html.erb
  Rendering home/protein.html.erb within layouts/application
  Rendered home/protein.html.erb within layouts/application (Duration: 2.0ms | Allocations: 804)
  Rendered layout layouts/application.html.erb (Duration: 15.6ms | Allocations: 14076)
Completed 200 OK in 18ms (Views: 17.5ms | Allocations: 14731)


Started POST "/protein" for ::1 at 2022-04-11 21:51:05 -0400
Processing by HomeController#input_protein as TURBO_STREAM
  Parameters: {"authenticity_token"=>"[FILTERED]", "input1"=>"", "input2"=>"", "input3"=>"", "input4"=>"", "input5"=>"", "reply"=>"true", "commit"=>"Submit"}
  Rendering layout layouts/application.html.erb
  Rendering home/protein.html.erb within layouts/application
  Rendered home/protein.html.erb within layouts/application (Duration: 0.8ms | Allocations: 465)
  Rendered layout layouts/application.html.erb (Duration: 4.4ms | Allocations: 2496)
Completed 200 OK in 6ms (Views: 5.5ms | Allocations: 3030)


Started GET "/protein" for ::1 at 2022-04-11 23:01:36 -0400
  [1m[36mActiveRecord::SchemaMigration Pluck (0.3ms)[0m  [1m[34mSELECT `schema_migrations`.`version` FROM `schema_migrations` ORDER BY `schema_migrations`.`version` ASC[0m
  
SyntaxError (/Users/hvgd0121/whats-for-dinner/app/controllers/home_controller.rb:33: syntax error, unexpected '}', expecting ']'
...protein, locals: [feedback: {}}}
...                              ^
):
  
app/controllers/home_controller.rb:33: syntax error, unexpected '}', expecting ']'
app/controllers/home_controller.rb:33: syntax error, unexpected '}', expecting ']'
app/controllers/home_controller.rb:33: syntax error, unexpected '}', expecting ']'
Started GET "/protein" for ::1 at 2022-04-11 23:01:58 -0400
Processing by HomeController#protein as HTML
Completed 500 Internal Server Error in 10ms (ActiveRecord: 0.0ms | Allocations: 3851)


  
NoMethodError (undefined method `keys' for [{:feedback=>{}}]:Array

        keys = options.has_key?(:locals) ? options[:locals].keys : []
                                                           ^^^^^):
  
app/controllers/home_controller.rb:33:in `block (2 levels) in protein'
app/controllers/home_controller.rb:32:in `protein'
Started GET "/protein" for ::1 at 2022-04-11 23:02:00 -0400
Processing by HomeController#protein as HTML
Completed 500 Internal Server Error in 8ms (ActiveRecord: 0.0ms | Allocations: 2200)


  
NoMethodError (undefined method `keys' for [{:feedback=>{}}]:Array

        keys = options.has_key?(:locals) ? options[:locals].keys : []
                                                           ^^^^^):
  
app/controllers/home_controller.rb:33:in `block (2 levels) in protein'
app/controllers/home_controller.rb:32:in `protein'
Started GET "/protein" for ::1 at 2022-04-11 23:02:30 -0400
Processing by HomeController#protein as HTML
  Rendering layout layouts/application.html.erb
  Rendering home/protein.html.erb within layouts/application
  Rendered home/protein.html.erb within layouts/application (Duration: 2.1ms | Allocations: 1497)
  Rendered layout layouts/application.html.erb (Duration: 106.2ms | Allocations: 35486)
Completed 200 OK in 109ms (Views: 108.4ms | ActiveRecord: 0.0ms | Allocations: 36431)


Started POST "/protein" for ::1 at 2022-04-11 23:02:33 -0400
Processing by HomeController#input_protein as TURBO_STREAM
  Parameters: {"authenticity_token"=>"[FILTERED]", "input1"=>"", "input2"=>"", "input3"=>"", "input4"=>"", "input5"=>"", "commit"=>"Submit"}
  Rendering layout layouts/application.html.erb
  Rendering home/protein.html.erb within layouts/application
  Rendered home/protein.html.erb within layouts/application (Duration: 1.6ms | Allocations: 1051)
  Rendered layout layouts/application.html.erb (Duration: 4.9ms | Allocations: 3184)
Completed 200 OK in 7ms (Views: 5.5ms | ActiveRecord: 0.0ms | Allocations: 3892)


Started GET "/protein" for ::1 at 2022-04-11 23:28:02 -0400
  
ArgumentError (Invalid route name, already in use: 'veg' 
You may have defined two routes with the same name using the `:as` option, or you may be overriding a route already defined by a resource with the same naming. For the latter, you can restrict the routes created with `resources` as explained here: 
https://guides.rubyonrails.org/routing.html#restricting-the-routes-created):
  
config/routes.rb:8:in `block in <main>'
config/routes.rb:1:in `<main>'
Started GET "/protein" for ::1 at 2022-04-11 23:28:34 -0400
Processing by HomeController#protein as HTML
  Rendering layout layouts/application.html.erb
  Rendering home/protein.html.erb within layouts/application
  Rendered home/protein.html.erb within layouts/application (Duration: 2.1ms | Allocations: 1372)
  Rendered layout layouts/application.html.erb (Duration: 18.6ms | Allocations: 14852)
Completed 200 OK in 21ms (Views: 20.3ms | Allocations: 15779)


Started GET "/veg" for ::1 at 2022-04-11 23:28:36 -0400
Processing by HomeController#veg as HTML
  Rendering layout layouts/application.html.erb
  Rendering home/veg.html.erb within layouts/application
  Rendered home/veg.html.erb within layouts/application (Duration: 13.8ms | Allocations: 5597)
  Rendered layout layouts/application.html.erb (Duration: 14.2ms | Allocations: 5685)
Completed 500 Internal Server Error in 16ms (Allocations: 6043)


  
ActionView::Template::Error (undefined local variable or method `feedback' for #<ActionView::Base:0x00000000016760>

        '.freeze;@output_buffer.append=( text_field_tag "input1", feedback.fetch(:input1, nil) );@output_buffer.safe_append='
                                                                  ^^^^^^^^):
     7: 
     8:     <div>
     9:         <%= label_tag "input 1"%>
    10:         <%= text_field_tag "input1", feedback.fetch(:input1, nil) %>
    11:         <br><br>
    12:     </div>
    13:     <div>
  
app/views/home/veg.html.erb:10
app/views/home/veg.html.erb:6
app/controllers/home_controller.rb:38:in `block (2 levels) in veg'
app/controllers/home_controller.rb:37:in `veg'
Started GET "/veg" for ::1 at 2022-04-11 23:30:10 -0400
Processing by HomeController#veg as HTML
  Rendering layout layouts/application.html.erb
  Rendering home/veg.html.erb within layouts/application
  Rendered home/veg.html.erb within layouts/application (Duration: 1.9ms | Allocations: 1142)
  Rendered layout layouts/application.html.erb (Duration: 6.8ms | Allocations: 3572)
Completed 200 OK in 9ms (Views: 8.8ms | Allocations: 4400)


Started POST "/protein" for ::1 at 2022-04-11 23:30:13 -0400
Processing by HomeController#input_protein as TURBO_STREAM
  Parameters: {"authenticity_token"=>"[FILTERED]", "input1"=>"", "input2"=>"", "input3"=>"", "input4"=>"", "input5"=>"", "commit"=>"Submit"}
  Rendering layout layouts/application.html.erb
  Rendering home/protein.html.erb within layouts/application
  Rendered home/protein.html.erb within layouts/application (Duration: 1.8ms | Allocations: 1017)
  Rendered layout layouts/application.html.erb (Duration: 4.4ms | Allocations: 3048)
Completed 200 OK in 6ms (Views: 5.0ms | Allocations: 3657)


Started GET "/protein" for ::1 at 2022-04-11 23:30:14 -0400
Processing by HomeController#protein as HTML
  Rendering layout layouts/application.html.erb
  Rendering home/protein.html.erb within layouts/application
  Rendered home/protein.html.erb within layouts/application (Duration: 4.3ms | Allocations: 1147)
  Rendered layout layouts/application.html.erb (Duration: 7.9ms | Allocations: 3186)
Completed 200 OK in 11ms (Views: 8.8ms | Allocations: 3481)


Started GET "/veg" for ::1 at 2022-04-11 23:30:19 -0400
Processing by HomeController#veg as HTML
  Rendering layout layouts/application.html.erb
  Rendering home/veg.html.erb within layouts/application
  Rendered home/veg.html.erb within layouts/application (Duration: 1.9ms | Allocations: 563)
  Rendered layout layouts/application.html.erb (Duration: 9.9ms | Allocations: 2602)
Completed 200 OK in 11ms (Views: 10.5ms | Allocations: 2882)


Started GET "/veg" for ::1 at 2022-04-11 23:30:51 -0400
Processing by HomeController#veg as HTML
  Rendering layout layouts/application.html.erb
  Rendering home/veg.html.erb within layouts/application
  Rendered home/veg.html.erb within layouts/application (Duration: 1.7ms | Allocations: 1159)
  Rendered layout layouts/application.html.erb (Duration: 6.0ms | Allocations: 3574)
Completed 200 OK in 9ms (Views: 8.3ms | Allocations: 4403)


Started GET "/protein" for ::1 at 2022-04-11 23:30:54 -0400
Processing by HomeController#protein as HTML
  Rendering layout layouts/application.html.erb
  Rendering home/protein.html.erb within layouts/application
  Rendered home/protein.html.erb within layouts/application (Duration: 7.3ms | Allocations: 1136)
  Rendered layout layouts/application.html.erb (Duration: 10.5ms | Allocations: 3175)
Completed 200 OK in 12ms (Views: 11.3ms | Allocations: 3539)


Started GET "/protein" for ::1 at 2022-04-11 23:31:09 -0400
Processing by HomeController#protein as HTML
  Rendering layout layouts/application.html.erb
  Rendering home/protein.html.erb within layouts/application
  Rendered home/protein.html.erb within layouts/application (Duration: 1.7ms | Allocations: 1348)
  Rendered layout layouts/application.html.erb (Duration: 5.6ms | Allocations: 3763)
Completed 200 OK in 8ms (Views: 7.3ms | Allocations: 4594)


Started GET "/protein" for ::1 at 2022-04-11 23:31:28 -0400
Processing by HomeController#protein as HTML
  Rendering layout layouts/application.html.erb
  Rendering home/protein.html.erb within layouts/application
  Rendered home/protein.html.erb within layouts/application (Duration: 1.6ms | Allocations: 1348)
  Rendered layout layouts/application.html.erb (Duration: 5.4ms | Allocations: 3763)
Completed 200 OK in 8ms (Views: 7.6ms | Allocations: 4623)


Started GET "/protein" for ::1 at 2022-04-11 23:31:45 -0400
Processing by HomeController#protein as HTML
  Rendering layout layouts/application.html.erb
  Rendering home/protein.html.erb within layouts/application
  Rendered home/protein.html.erb within layouts/application (Duration: 1.6ms | Allocations: 1319)
  Rendered layout layouts/application.html.erb (Duration: 5.4ms | Allocations: 3734)
Completed 200 OK in 8ms (Views: 7.6ms | Allocations: 4594)


Started GET "/protein" for ::1 at 2022-04-11 23:37:39 -0400
Processing by HomeController#protein as HTML
  Rendering layout layouts/application.html.erb
  Rendering home/protein.html.erb within layouts/application
  Rendered home/protein.html.erb within layouts/application (Duration: 1.6ms | Allocations: 1343)
  Rendered layout layouts/application.html.erb (Duration: 18.7ms | Allocations: 14816)
Completed 200 OK in 21ms (Views: 20.4ms | Allocations: 15776)


Started GET "/veg" for ::1 at 2022-04-11 23:37:41 -0400
Processing by HomeController#veg as HTML
  Rendering layout layouts/application.html.erb
  Rendering home/veg.html.erb within layouts/application
  Rendered home/veg.html.erb within layouts/application (Duration: 2.0ms | Allocations: 959)
  Rendered layout layouts/application.html.erb (Duration: 5.4ms | Allocations: 3000)
Completed 200 OK in 7ms (Views: 6.5ms | Allocations: 3365)


Started GET "/veg" for ::1 at 2022-04-11 23:38:21 -0400
Processing by HomeController#veg as HTML
  Rendering layout layouts/application.html.erb
  Rendering home/veg.html.erb within layouts/application
  Rendered home/veg.html.erb within layouts/application (Duration: 1.6ms | Allocations: 1169)
  Rendered layout layouts/application.html.erb (Duration: 11.4ms | Allocations: 3584)
Completed 200 OK in 15ms (Views: 14.7ms | Allocations: 4413)


Started GET "/aromatics" for ::1 at 2022-04-11 23:38:22 -0400
Processing by HomeController#aromatics as HTML
  Rendering layout layouts/application.html.erb
  Rendering home/aromatics.html.erb within layouts/application
  Rendered home/aromatics.html.erb within layouts/application (Duration: 83.9ms | Allocations: 5339)
  Rendered layout layouts/application.html.erb (Duration: 84.2ms | Allocations: 5427)
Completed 500 Internal Server Error in 86ms (Allocations: 5782)


  
ActionView::Template::Error (undefined local variable or method `input_aromatics_path' for #<ActionView::Base:0x0000000001abf8>

@output_buffer.append=  form_with url: input_aromatics_path, local: true, method: :post do@output_buffer.safe_append='
                                       ^^^^^^^^^^^^^^^^^^^^
Did you mean?  input_protein_path):
    3: <% if local_assigns.has_key? :status_msg %>
    4:     <p><%= status_msg %></p>
    5: <% end %>
    6: <%= form_with url: input_aromatics_path, local: true, method: :post do%>
    7: 
    8:     <div>
    9:         <%= label_tag "input 1"%>
  
app/views/home/aromatics.html.erb:6
app/controllers/home_controller.rb:66:in `block (2 levels) in aromatics'
app/controllers/home_controller.rb:65:in `aromatics'
Started GET "/aromatics" for ::1 at 2022-04-11 23:39:23 -0400
Processing by HomeController#aromatics as HTML
  Rendering layout layouts/application.html.erb
  Rendering home/aromatics.html.erb within layouts/application
  Rendered home/aromatics.html.erb within layouts/application (Duration: 0.9ms | Allocations: 727)
  Rendered layout layouts/application.html.erb (Duration: 13.9ms | Allocations: 14014)
Completed 200 OK in 16ms (Views: 14.9ms | Allocations: 14669)


Started GET "/protein" for ::1 at 2022-04-11 23:39:27 -0400
Processing by HomeController#protein as HTML
  Rendering layout layouts/application.html.erb
  Rendering home/protein.html.erb within layouts/application
  Rendered home/protein.html.erb within layouts/application (Duration: 4.5ms | Allocations: 1175)
  Rendered layout layouts/application.html.erb (Duration: 11.2ms | Allocations: 3214)
Completed 200 OK in 13ms (Views: 12.4ms | Allocations: 3600)


Started GET "/index" for ::1 at 2022-04-11 23:39:28 -0400
Processing by HomeController#index as HTML
  Rendering layout layouts/application.html.erb
  Rendering home/index.html.erb within layouts/application
  Rendered home/index.html.erb within layouts/application (Duration: 1.1ms | Allocations: 177)
  Rendered layout layouts/application.html.erb (Duration: 5.4ms | Allocations: 2380)
Completed 200 OK in 8ms (Views: 6.6ms | Allocations: 2747)


Started GET "/protein" for ::1 at 2022-04-11 23:39:30 -0400
Processing by HomeController#protein as HTML
  Rendering layout layouts/application.html.erb
  Rendering home/protein.html.erb within layouts/application
  Rendered home/protein.html.erb within layouts/application (Duration: 1.8ms | Allocations: 630)
  Rendered layout layouts/application.html.erb (Duration: 6.8ms | Allocations: 2669)
Completed 200 OK in 9ms (Views: 7.8ms | Allocations: 2950)


Started GET "/veg" for ::1 at 2022-04-11 23:39:35 -0400
Processing by HomeController#veg as HTML
  Rendering layout layouts/application.html.erb
  Rendering home/veg.html.erb within layouts/application
  Rendered home/veg.html.erb within layouts/application (Duration: 0.7ms | Allocations: 569)
  Rendered layout layouts/application.html.erb (Duration: 5.5ms | Allocations: 2608)
Completed 200 OK in 7ms (Views: 6.1ms | Allocations: 2888)


Started POST "/veg" for ::1 at 2022-04-11 23:39:38 -0400
Processing by HomeController#input_veg as TURBO_STREAM
  Parameters: {"authenticity_token"=>"[FILTERED]", "input1"=>"", "input2"=>"", "input3"=>"", "input4"=>"", "input5"=>"", "commit"=>"Submit"}
  Rendering layout layouts/application.html.erb
  Rendering home/protein.html.erb within layouts/application
  Rendered home/protein.html.erb within layouts/application (Duration: 1.5ms | Allocations: 1011)
  Rendered layout layouts/application.html.erb (Duration: 8.8ms | Allocations: 3052)
Completed 200 OK in 10ms (Views: 9.4ms | Allocations: 3585)


Started GET "/aromatics" for ::1 at 2022-04-11 23:39:40 -0400
Processing by HomeController#aromatics as HTML
  Rendering layout layouts/application.html.erb
  Rendering home/aromatics.html.erb within layouts/application
  Rendered home/aromatics.html.erb within layouts/application (Duration: 0.7ms | Allocations: 551)
  Rendered layout layouts/application.html.erb (Duration: 4.6ms | Allocations: 2595)
Completed 200 OK in 7ms (Views: 5.4ms | Allocations: 2877)


Started GET "/protein" for ::1 at 2022-04-11 23:39:40 -0400
Processing by HomeController#protein as HTML
  Rendering layout layouts/application.html.erb
  Rendering home/protein.html.erb within layouts/application
  Rendered home/protein.html.erb within layouts/application (Duration: 1.4ms | Allocations: 642)
  Rendered layout layouts/application.html.erb (Duration: 8.2ms | Allocations: 2681)
Completed 200 OK in 9ms (Views: 8.8ms | Allocations: 2962)


Started GET "/protein" for ::1 at 2022-04-11 23:41:28 -0400
Processing by HomeController#protein as HTML
  Rendering layout layouts/application.html.erb
  Rendering home/protein.html.erb within layouts/application
  Rendered home/protein.html.erb within layouts/application (Duration: 1.8ms | Allocations: 1342)
  Rendered layout layouts/application.html.erb (Duration: 5.5ms | Allocations: 3757)
Completed 200 OK in 8ms (Views: 7.3ms | Allocations: 4588)


Started GET "/index" for ::1 at 2022-04-11 23:41:30 -0400
Processing by HomeController#index as HTML
  Rendering layout layouts/application.html.erb
  Rendering home/index.html.erb within layouts/application
  Rendered home/index.html.erb within layouts/application (Duration: 1.2ms | Allocations: 176)
  Rendered layout layouts/application.html.erb (Duration: 5.7ms | Allocations: 2379)
Completed 200 OK in 7ms (Views: 6.2ms | Allocations: 2752)


Started GET "/protein" for ::1 at 2022-04-11 23:41:32 -0400
Processing by HomeController#protein as HTML
  Rendering layout layouts/application.html.erb
  Rendering home/protein.html.erb within layouts/application
  Rendered home/protein.html.erb within layouts/application (Duration: 0.9ms | Allocations: 636)
  Rendered layout layouts/application.html.erb (Duration: 5.3ms | Allocations: 2675)
Completed 200 OK in 6ms (Views: 5.8ms | Allocations: 2959)


Started GET "/veg" for ::1 at 2022-04-11 23:41:33 -0400
Processing by HomeController#veg as HTML
  Rendering layout layouts/application.html.erb
  Rendering home/veg.html.erb within layouts/application
  Rendered home/veg.html.erb within layouts/application (Duration: 4.3ms | Allocations: 1034)
  Rendered layout layouts/application.html.erb (Duration: 9.1ms | Allocations: 3073)
Completed 200 OK in 12ms (Views: 10.3ms | Allocations: 3406)


Started GET "/aromatics" for ::1 at 2022-04-11 23:41:35 -0400
Processing by HomeController#aromatics as HTML
  Rendering layout layouts/application.html.erb
  Rendering home/aromatics.html.erb within layouts/application
  Rendered home/aromatics.html.erb within layouts/application (Duration: 1.4ms | Allocations: 998)
  Rendered layout layouts/application.html.erb (Duration: 4.1ms | Allocations: 3037)
Completed 200 OK in 5ms (Views: 4.6ms | Allocations: 3371)


Started GET "/protein" for ::1 at 2022-04-11 23:46:18 -0400
Processing by HomeController#protein as HTML
  Rendering layout layouts/application.html.erb
  Rendering home/protein.html.erb within layouts/application
  Rendered home/protein.html.erb within layouts/application (Duration: 1.7ms | Allocations: 1358)
  Rendered layout layouts/application.html.erb (Duration: 14.2ms | Allocations: 14836)
Completed 200 OK in 16ms (Views: 15.9ms | Allocations: 15799)


Started GET "/veg" for ::1 at 2022-04-11 23:46:21 -0400
Processing by HomeController#veg as HTML
  Rendering layout layouts/application.html.erb
  Rendering home/veg.html.erb within layouts/application
  Rendered home/veg.html.erb within layouts/application (Duration: 2.7ms | Allocations: 1013)
  Rendered layout layouts/application.html.erb (Duration: 7.8ms | Allocations: 3052)
Completed 200 OK in 10ms (Views: 9.3ms | Allocations: 3414)


Started GET "/protein" for ::1 at 2022-04-11 23:46:23 -0400
Processing by HomeController#protein as HTML
  Rendering layout layouts/application.html.erb
  Rendering home/protein.html.erb within layouts/application
  Rendered home/protein.html.erb within layouts/application (Duration: 2.9ms | Allocations: 633)
  Rendered layout layouts/application.html.erb (Duration: 6.9ms | Allocations: 2672)
Completed 200 OK in 9ms (Views: 7.8ms | Allocations: 2953)


Started GET "/veg" for ::1 at 2022-04-11 23:46:24 -0400
Processing by HomeController#veg as HTML
  Rendering layout layouts/application.html.erb
  Rendering home/veg.html.erb within layouts/application
  Rendered home/veg.html.erb within layouts/application (Duration: 0.8ms | Allocations: 578)
  Rendered layout layouts/application.html.erb (Duration: 36.8ms | Allocations: 2632)
Completed 200 OK in 39ms (Views: 37.4ms | Allocations: 2912)


Started GET "/aromatics" for ::1 at 2022-04-11 23:46:25 -0400
Processing by HomeController#aromatics as HTML
  Rendering layout layouts/application.html.erb
  Rendering home/aromatics.html.erb within layouts/application
  Rendered home/aromatics.html.erb within layouts/application (Duration: 2.3ms | Allocations: 1006)
  Rendered layout layouts/application.html.erb (Duration: 8.8ms | Allocations: 3050)
Completed 200 OK in 10ms (Views: 9.7ms | Allocations: 3386)


Started GET "/protein" for ::1 at 2022-04-11 23:46:27 -0400
Processing by HomeController#protein as HTML
  Rendering layout layouts/application.html.erb
  Rendering home/protein.html.erb within layouts/application
  Rendered home/protein.html.erb within layouts/application (Duration: 1.3ms | Allocations: 645)
  Rendered layout layouts/application.html.erb (Duration: 5.8ms | Allocations: 2684)
Completed 200 OK in 7ms (Views: 6.6ms | Allocations: 2965)


Started GET "/veg" for ::1 at 2022-04-11 23:46:28 -0400
Processing by HomeController#veg as HTML
  Rendering layout layouts/application.html.erb
  Rendering home/veg.html.erb within layouts/application
  Rendered home/veg.html.erb within layouts/application (Duration: 1.6ms | Allocations: 581)
  Rendered layout layouts/application.html.erb (Duration: 6.0ms | Allocations: 2620)
Completed 200 OK in 10ms (Views: 7.5ms | Allocations: 2900)


Started GET "/aromatics" for ::1 at 2022-04-11 23:46:38 -0400
Processing by HomeController#aromatics as HTML
  Rendering layout layouts/application.html.erb
  Rendering home/aromatics.html.erb within layouts/application
  Rendered home/aromatics.html.erb within layouts/application (Duration: 1.2ms | Allocations: 581)
  Rendered layout layouts/application.html.erb (Duration: 5.7ms | Allocations: 2620)
Completed 200 OK in 7ms (Views: 6.3ms | Allocations: 2900)


Started GET "/protein" for ::1 at 2022-04-11 23:46:39 -0400
Processing by HomeController#protein as HTML
  Rendering layout layouts/application.html.erb
  Rendering home/protein.html.erb within layouts/application
  Rendered home/protein.html.erb within layouts/application (Duration: 0.9ms | Allocations: 645)
  Rendered layout layouts/application.html.erb (Duration: 5.8ms | Allocations: 2684)
Completed 200 OK in 7ms (Views: 6.3ms | Allocations: 2965)


Started GET "/index" for ::1 at 2022-04-11 23:46:56 -0400
Processing by HomeController#index as HTML
  Rendering layout layouts/application.html.erb
  Rendering home/index.html.erb within layouts/application
  Rendered home/index.html.erb within layouts/application (Duration: 1.0ms | Allocations: 247)
  Rendered layout layouts/application.html.erb (Duration: 6.1ms | Allocations: 2892)
Completed 200 OK in 10ms (Views: 8.9ms | Allocations: 3737)


Started GET "/protein" for ::1 at 2022-04-11 23:46:57 -0400
Processing by HomeController#protein as HTML
  Rendering layout layouts/application.html.erb
  Rendering home/protein.html.erb within layouts/application
  Rendered home/protein.html.erb within layouts/application (Duration: 2.4ms | Allocations: 1191)
  Rendered layout layouts/application.html.erb (Duration: 7.5ms | Allocations: 3230)
Completed 200 OK in 10ms (Views: 8.6ms | Allocations: 3595)


Started GET "/veg" for ::1 at 2022-04-11 23:46:59 -0400
Processing by HomeController#veg as HTML
  Rendering layout layouts/application.html.erb
  Rendering home/veg.html.erb within layouts/application
  Rendered home/veg.html.erb within layouts/application (Duration: 2.3ms | Allocations: 1008)
  Rendered layout layouts/application.html.erb (Duration: 8.3ms | Allocations: 3047)
Completed 200 OK in 10ms (Views: 9.3ms | Allocations: 3380)


Started GET "/aromatics" for ::1 at 2022-04-11 23:47:01 -0400
Processing by HomeController#aromatics as HTML
  Rendering layout layouts/application.html.erb
  Rendering home/aromatics.html.erb within layouts/application
  Rendered home/aromatics.html.erb within layouts/application (Duration: 3.8ms | Allocations: 1000)
  Rendered layout layouts/application.html.erb (Duration: 7.4ms | Allocations: 3039)
Completed 200 OK in 9ms (Views: 8.1ms | Allocations: 3372)


Started GET "/veg" for ::1 at 2022-04-11 23:47:02 -0400
Processing by HomeController#veg as HTML
  Rendering layout layouts/application.html.erb
  Rendering home/veg.html.erb within layouts/application
  Rendered home/veg.html.erb within layouts/application (Duration: 1.1ms | Allocations: 596)
  Rendered layout layouts/application.html.erb (Duration: 6.7ms | Allocations: 2635)
Completed 200 OK in 8ms (Views: 7.3ms | Allocations: 2915)


Started GET "/aromatics" for ::1 at 2022-04-11 23:47:04 -0400
Processing by HomeController#aromatics as HTML
  Rendering layout layouts/application.html.erb
  Rendering home/aromatics.html.erb within layouts/application
  Rendered home/aromatics.html.erb within layouts/application (Duration: 0.8ms | Allocations: 571)
  Rendered layout layouts/application.html.erb (Duration: 4.6ms | Allocations: 2610)
Completed 200 OK in 6ms (Views: 5.3ms | Allocations: 2890)


Started GET "/aromatics" for ::1 at 2022-04-11 23:47:33 -0400
Processing by HomeController#aromatics as HTML
  Rendering layout layouts/application.html.erb
  Rendering home/aromatics.html.erb within layouts/application
  Rendered home/aromatics.html.erb within layouts/application (Duration: 1.6ms | Allocations: 1215)
  Rendered layout layouts/application.html.erb (Duration: 4.9ms | Allocations: 3630)
Completed 200 OK in 9ms (Views: 8.1ms | Allocations: 4459)


Started GET "/oils" for ::1 at 2022-04-11 23:47:35 -0400
Processing by HomeController#oils as HTML
  Rendering layout layouts/application.html.erb
  Rendering home/oils.html.erb within layouts/application
  Rendered home/oils.html.erb within layouts/application (Duration: 2.6ms | Allocations: 989)
  Rendered layout layouts/application.html.erb (Duration: 8.1ms | Allocations: 3030)
Completed 200 OK in 15ms (Views: 9.2ms | Allocations: 3393)


